<?xml version="1.0" encoding="UTF-8" ?>
<testsuite tests="1" failures="0" name="DemoTest" time="0.004" errors="0" skipped="0">
    <properties>
        <property name="idea.version" value="2021.1"/>
        <property name="java.runtime.name" value="Java(TM) SE Runtime Environment"/>
        <property name="java.vm.version" value="16.0.1+9-24"/>
        <property name="sun.boot.library.path" value="C:\Program Files\Java\jdk-16.0.1\bin"/>
        <property name="maven.multiModuleProjectDirectory" value="D:\SXY\学习\Maven"/>
        <property name="java.vm.vendor" value="Oracle Corporation"/>
        <property name="java.vendor.url" value="https://java.oracle.com/"/>
        <property name="guice.disable.misplaced.annotation.check" value="true"/>
        <property name="path.separator" value=";"/>
        <property name="java.vm.name" value="Java HotSpot(TM) 64-Bit Server VM"/>
        <property name="sun.os.patch.level" value=""/>
        <property name="user.script" value=""/>
        <property name="user.country" value="CN"/>
        <property name="sun.java.launcher" value="SUN_STANDARD"/>
        <property name="java.vm.specification.name" value="Java Virtual Machine Specification"/>
        <property name="user.dir" value="D:\SXY\学习\Maven"/>
        <property name="java.vm.compressedOopsMode" value="Zero based"/>
        <property name="java.runtime.version" value="16.0.1+9-24"/>
        <property name="os.arch" value="amd64"/>
        <property name="java.io.tmpdir" value="C:\Users\sxy\AppData\Local\Temp\"/>
        <property name="line.separator" value="
"/>
        <property name="java.vm.specification.vendor" value="Oracle Corporation"/>
        <property name="user.variant" value=""/>
        <property name="os.name" value="Windows 10"/>
        <property name="maven.ext.class.path"
                  value="C:\Program Files\JetBrains\IntelliJ IDEA 2021.1\plugins\maven\lib\maven-event-listener.jar"/>
        <property name="classworlds.conf"
                  value="C:\Program Files\JetBrains\IntelliJ IDEA 2021.1\plugins\maven\lib\maven3\bin\m2.conf"/>
        <property name="sun.jnu.encoding" value="GBK"/>
        <property name="java.library.path"
                  value="C:\Program Files\Java\jdk-16.0.1\bin;C:\WINDOWS\Sun\Java\bin;C:\WINDOWS\system32;C:\WINDOWS;C:\Program Files (x86)\Common Files\Intel\Shared Libraries\redist\intel64\compiler;C:\Program Files\Common Files\Oracle\Java\javapath;C:\Program Files (x86)\Common Files\Oracle\Java\javapath;C:\Windows\system32;C:\Windows;C:\Windows\System32\Wbem;C:\Windows\System32\WindowsPowerShell\v1.0\;C:\Windows\System32\OpenSSH\;C:\Program Files (x86)\NVIDIA Corporation\PhysX\Common;C:\Program Files\NVIDIA Corporation\NVIDIA NvDLISR;C:\WINDOWS\system32;C:\WINDOWS;C:\WINDOWS\System32\Wbem;C:\WINDOWS\System32\WindowsPowerShell\v1.0\;C:\WINDOWS\System32\OpenSSH\;&quot;C:\Program Files\Java\jdk-16.0.1\bin;C:\Program Files\Java\jdk-16.0.1\jre\bin;&quot;;%CATALINA_HOME%\bin;%CATALINA_HOME%\lib;C:\Program Files (x86)\MySQL\bin;%DERBY_HOME%\bin;C:\Program Files\Git\cmd;C:\Program Files\OpenSSH\bin;C:\Program Files (x86)\NetSarang\Xftp 7\;C:\Program Files (x86)\NetSarang\Xshell 7\;C:\Program Files\Microsoft SQL Server\130\Tools\Binn\;D:\VSCode\mingw64\bin;C:\Program Files\nodejs\;C:\Program Files\MySQL\MySQL Shell 8.0\bin\;C:\Users\sxy\AppData\Local\Microsoft\WindowsApps;C:\Program Files\JetBrains\IntelliJ IDEA 2021.1\bin;;D:\Microsoft VS Code\bin;D:\vs code\mingw64\bin;D:\vs code\mingw64\include;C:\Users\sxy\AppData\Roaming\npm;;."/>
        <property name="maven.conf"
                  value="C:\Program Files\JetBrains\IntelliJ IDEA 2021.1\plugins\maven\lib\maven3/conf"/>
        <property name="jdk.debug" value="release"/>
        <property name="java.class.version" value="60.0"/>
        <property name="java.specification.name" value="Java Platform API Specification"/>
        <property name="sun.management.compiler" value="HotSpot 64-Bit Tiered Compilers"/>
        <property name="os.version" value="10.0"/>
        <property name="user.home" value="C:\Users\sxy"/>
        <property name="user.timezone" value="Asia/Hong_Kong"/>
        <property name="file.encoding" value="UTF-8"/>
        <property name="java.specification.version" value="16"/>
        <property name="user.name" value="sxy"/>
        <property name="java.class.path"
                  value="C:\Program Files\JetBrains\IntelliJ IDEA 2021.1\plugins\maven\lib\maven3\boot\plexus-classworlds-2.6.0.jar;C:\Program Files\JetBrains\IntelliJ IDEA 2021.1\plugins\maven\lib\maven3\boot\plexus-classworlds.license"/>
        <property name="java.vm.specification.version" value="16"/>
        <property name="sun.arch.data.model" value="64"/>
        <property name="sun.java.command" value="org.codehaus.classworlds.Launcher -Didea.version=2021.1 test"/>
        <property name="java.home" value="C:\Program Files\Java\jdk-16.0.1"/>
        <property name="user.language" value="zh"/>
        <property name="java.specification.vendor" value="Oracle Corporation"/>
        <property name="java.vm.info" value="mixed mode, sharing"/>
        <property name="java.version" value="16.0.1"/>
        <property name="java.vendor" value="Oracle Corporation"/>
        <property name="maven.home" value="C:\Program Files\JetBrains\IntelliJ IDEA 2021.1\plugins\maven\lib\maven3"/>
        <property name="file.separator" value="\"/>
        <property name="java.version.date" value="2021-04-20"/>
        <property name="java.vendor.url.bug" value="https://bugreport.java.com/bugreport/"/>
        <property name="sun.io.unicode.encoding" value="UnicodeLittle"/>
        <property name="sun.cpu.endian" value="little"/>
        <property name="sun.cpu.isalist" value="amd64"/>
    </properties>
    <testcase classname="DemoTest" name="testSay" time="0.004"/>
</testsuite>